<?xml version="1.0" encoding="UTF-8"?>
<coverage generated="1645216506699" clover="3.2.0">
  <project timestamp="1645216506699" name="All files">
    <metrics statements="14" coveredstatements="14" conditionals="16" coveredconditionals="16" methods="7" coveredmethods="7" elements="37" coveredelements="37" complexity="0" loc="14" ncloc="14" packages="1" files="1" classes="1"/>
    <file name="index.tsx" path="/Users/michaelliriano/Desktop/Code/Nebula Software Soltuions/ravyn/src/components/Button/index.tsx">
      <metrics statements="14" coveredstatements="14" conditionals="16" coveredconditionals="16" methods="7" coveredmethods="7"/>
      <line num="1" count="1" type="stmt"/>
      <line num="2" count="1" type="stmt"/>
      <line num="6" count="1" type="stmt"/>
      <line num="16" count="8" type="cond" truecount="2" falsecount="0"/>
      <line num="21" count="8" type="cond" truecount="2" falsecount="0"/>
      <line num="22" count="8" type="cond" truecount="2" falsecount="0"/>
      <line num="23" count="8" type="cond" truecount="2" falsecount="0"/>
      <line num="25" count="8" type="cond" truecount="2" falsecount="0"/>
      <line num="30" count="8" type="cond" truecount="2" falsecount="0"/>
      <line num="38" count="1" type="stmt"/>
      <line num="43" count="8" type="stmt"/>
      <line num="44" count="8" type="stmt"/>
      <line num="45" count="8" type="stmt"/>
      <line num="58" count="1" type="stmt"/>
    </file>
  </project>
</coverage>
