{"/Users/michaelliriano/Desktop/Code/Nebula Software Soltuions/solar/src/components/Button/index.tsx": {"path":"/Users/michaelliriano/Desktop/Code/Nebula Software Soltuions/solar/src/components/Button/index.tsx","statementMap":{"0":{"start":{"line":1,"column":0},"end":{"line":1,"column":34}},"1":{"start":{"line":2,"column":0},"end":{"line":2,"column":39}},"2":{"start":{"line":6,"column":21},"end":{"line":36,"column":2}},"3":{"start":{"line":7,"column":24},"end":{"line":7,"column":62}},"4":{"start":{"line":15,"column":4},"end":{"line":19,"column":24}},"5":{"start":{"line":20,"column":23},"end":{"line":20,"column":56}},"6":{"start":{"line":21,"column":34},"end":{"line":21,"column":68}},"7":{"start":{"line":22,"column":25},"end":{"line":22,"column":49}},"8":{"start":{"line":24,"column":36},"end":{"line":24,"column":63}},"9":{"start":{"line":25,"column":25},"end":{"line":25,"column":52}},"10":{"start":{"line":30,"column":6},"end":{"line":34,"column":26}},"11":{"start":{"line":38,"column":32},"end":{"line":56,"column":2}},"12":{"start":{"line":43,"column":9},"end":{"line":43,"column":null}},"13":{"start":{"line":44,"column":10},"end":{"line":45,"column":3}},"14":{"start":{"line":45,"column":6},"end":{"line":56,"column":2}},"15":{"start":{"line":58,"column":0},"end":{"line":58,"column":22}}},"fnMap":{"0":{"name":"(anonymous_2)","decl":{"start":{"line":7,"column":12},"end":{"line":7,"column":13}},"loc":{"start":{"line":7,"column":24},"end":{"line":7,"column":62}}},"1":{"name":"(anonymous_3)","decl":{"start":{"line":14,"column":13},"end":{"line":14,"column":14}},"loc":{"start":{"line":15,"column":4},"end":{"line":19,"column":24}}},"2":{"name":"(anonymous_4)","decl":{"start":{"line":20,"column":11},"end":{"line":20,"column":12}},"loc":{"start":{"line":20,"column":23},"end":{"line":20,"column":56}}},"3":{"name":"(anonymous_5)","decl":{"start":{"line":21,"column":22},"end":{"line":21,"column":23}},"loc":{"start":{"line":21,"column":34},"end":{"line":21,"column":68}}},"4":{"name":"(anonymous_6)","decl":{"start":{"line":22,"column":13},"end":{"line":22,"column":14}},"loc":{"start":{"line":22,"column":25},"end":{"line":22,"column":49}}},"5":{"name":"(anonymous_7)","decl":{"start":{"line":24,"column":24},"end":{"line":24,"column":25}},"loc":{"start":{"line":24,"column":36},"end":{"line":24,"column":63}}},"6":{"name":"(anonymous_8)","decl":{"start":{"line":25,"column":13},"end":{"line":25,"column":14}},"loc":{"start":{"line":25,"column":25},"end":{"line":25,"column":52}}},"7":{"name":"(anonymous_9)","decl":{"start":{"line":29,"column":15},"end":{"line":29,"column":16}},"loc":{"start":{"line":30,"column":6},"end":{"line":34,"column":26}}},"8":{"name":"(anonymous_10)","decl":{"start":{"line":38,"column":32},"end":{"line":38,"column":33}},"loc":{"start":{"line":45,"column":5},"end":{"line":56,"column":2}}}},"branchMap":{"0":{"loc":{"start":{"line":7,"column":24},"end":{"line":7,"column":62}},"type":"cond-expr","locations":[{"start":{"line":7,"column":40},"end":{"line":7,"column":43}},{"start":{"line":7,"column":46},"end":{"line":7,"column":62}}]},"1":{"loc":{"start":{"line":15,"column":4},"end":{"line":19,"column":24}},"type":"cond-expr","locations":[{"start":{"line":16,"column":8},"end":{"line":16,"column":22}},{"start":{"line":17,"column":8},"end":{"line":19,"column":24}}]},"2":{"loc":{"start":{"line":17,"column":8},"end":{"line":19,"column":24}},"type":"cond-expr","locations":[{"start":{"line":18,"column":8},"end":{"line":18,"column":23}},{"start":{"line":19,"column":8},"end":{"line":19,"column":24}}]},"3":{"loc":{"start":{"line":20,"column":23},"end":{"line":20,"column":56}},"type":"cond-expr","locations":[{"start":{"line":20,"column":39},"end":{"line":20,"column":45}},{"start":{"line":20,"column":48},"end":{"line":20,"column":56}}]},"4":{"loc":{"start":{"line":21,"column":34},"end":{"line":21,"column":68}},"type":"cond-expr","locations":[{"start":{"line":21,"column":50},"end":{"line":21,"column":59}},{"start":{"line":21,"column":62},"end":{"line":21,"column":68}}]},"5":{"loc":{"start":{"line":22,"column":25},"end":{"line":22,"column":49}},"type":"cond-expr","locations":[{"start":{"line":22,"column":42},"end":{"line":22,"column":45}},{"start":{"line":22,"column":48},"end":{"line":22,"column":49}}]},"6":{"loc":{"start":{"line":24,"column":36},"end":{"line":24,"column":63}},"type":"cond-expr","locations":[{"start":{"line":24,"column":52},"end":{"line":24,"column":54}},{"start":{"line":24,"column":57},"end":{"line":24,"column":63}}]},"7":{"loc":{"start":{"line":25,"column":25},"end":{"line":25,"column":52}},"type":"cond-expr","locations":[{"start":{"line":25,"column":41},"end":{"line":25,"column":43}},{"start":{"line":25,"column":46},"end":{"line":25,"column":52}}]},"8":{"loc":{"start":{"line":30,"column":6},"end":{"line":34,"column":26}},"type":"cond-expr","locations":[{"start":{"line":31,"column":10},"end":{"line":31,"column":24}},{"start":{"line":32,"column":10},"end":{"line":34,"column":26}}]},"9":{"loc":{"start":{"line":32,"column":10},"end":{"line":34,"column":26}},"type":"cond-expr","locations":[{"start":{"line":33,"column":10},"end":{"line":33,"column":24}},{"start":{"line":34,"column":10},"end":{"line":34,"column":26}}]}},"s":{"0":1,"1":1,"2":1,"3":4,"4":4,"5":4,"6":4,"7":4,"8":4,"9":4,"10":4,"11":1,"12":4,"13":4,"14":4,"15":1},"f":{"0":4,"1":4,"2":4,"3":4,"4":4,"5":4,"6":4,"7":4,"8":4},"b":{"0":[1,3],"1":[1,3],"2":[1,2],"3":[1,3],"4":[1,3],"5":[2,2],"6":[1,3],"7":[1,3],"8":[1,3],"9":[1,2]}}
,"/Users/michaelliriano/Desktop/Code/Nebula Software Soltuions/solar/src/components/Dropdown/index.tsx": {"path":"/Users/michaelliriano/Desktop/Code/Nebula Software Soltuions/solar/src/components/Dropdown/index.tsx","statementMap":{"0":{"start":{"line":1,"column":0},"end":{"line":1,"column":34}},"1":{"start":{"line":2,"column":0},"end":{"line":2,"column":39}},"2":{"start":{"line":6,"column":23},"end":{"line":6,"column":53}},"3":{"start":{"line":8,"column":36},"end":{"line":31,"column":2}},"4":{"start":{"line":12,"column":14},"end":{"line":12,"column":null}},"5":{"start":{"line":13,"column":10},"end":{"line":14,"column":3}},"6":{"start":{"line":14,"column":6},"end":{"line":31,"column":2}},"7":{"start":{"line":25,"column":8},"end":{"line":26,"column":null}},"8":{"start":{"line":33,"column":0},"end":{"line":33,"column":24}}},"fnMap":{"0":{"name":"(anonymous_2)","decl":{"start":{"line":8,"column":36},"end":{"line":8,"column":37}},"loc":{"start":{"line":14,"column":5},"end":{"line":31,"column":2}}},"1":{"name":"(anonymous_3)","decl":{"start":{"line":24,"column":19},"end":{"line":24,"column":20}},"loc":{"start":{"line":25,"column":8},"end":{"line":26,"column":null}}}},"branchMap":{},"s":{"0":1,"1":1,"2":1,"3":1,"4":1,"5":1,"6":1,"7":1,"8":1},"f":{"0":1,"1":1},"b":{}}
,"/Users/michaelliriano/Desktop/Code/Nebula Software Soltuions/solar/src/components/Modal/index.tsx": {"path":"/Users/michaelliriano/Desktop/Code/Nebula Software Soltuions/solar/src/components/Modal/index.tsx","statementMap":{"0":{"start":{"line":1,"column":0},"end":{"line":1,"column":34}},"1":{"start":{"line":2,"column":0},"end":{"line":2,"column":39}},"2":{"start":{"line":6,"column":20},"end":{"line":18,"column":2}},"3":{"start":{"line":20,"column":30},"end":{"line":40,"column":2}},"4":{"start":{"line":20,"column":49},"end":{"line":20,"column":54}},"5":{"start":{"line":20,"column":59},"end":{"line":20,"column":63}},"6":{"start":{"line":20,"column":66},"end":{"line":40,"column":2}},"7":{"start":{"line":42,"column":0},"end":{"line":42,"column":21}}},"fnMap":{"0":{"name":"(anonymous_2)","decl":{"start":{"line":20,"column":30},"end":{"line":20,"column":31}},"loc":{"start":{"line":20,"column":65},"end":{"line":40,"column":2}}}},"branchMap":{},"s":{"0":1,"1":1,"2":1,"3":1,"4":1,"5":1,"6":1,"7":1},"f":{"0":1},"b":{}}
,"/Users/michaelliriano/Desktop/Code/Nebula Software Soltuions/solar/src/components/TextInput/index.tsx": {"path":"/Users/michaelliriano/Desktop/Code/Nebula Software Soltuions/solar/src/components/TextInput/index.tsx","statementMap":{"0":{"start":{"line":1,"column":0},"end":{"line":1,"column":34}},"1":{"start":{"line":2,"column":0},"end":{"line":2,"column":39}},"2":{"start":{"line":6,"column":24},"end":{"line":14,"column":2}},"3":{"start":{"line":7,"column":24},"end":{"line":7,"column":73}},"4":{"start":{"line":9,"column":23},"end":{"line":9,"column":47}},"5":{"start":{"line":16,"column":38},"end":{"line":28,"column":2}},"6":{"start":{"line":19,"column":7},"end":{"line":19,"column":null}},"7":{"start":{"line":20,"column":10},"end":{"line":21,"column":3}},"8":{"start":{"line":21,"column":6},"end":{"line":28,"column":2}},"9":{"start":{"line":30,"column":0},"end":{"line":30,"column":25}}},"fnMap":{"0":{"name":"(anonymous_2)","decl":{"start":{"line":7,"column":12},"end":{"line":7,"column":13}},"loc":{"start":{"line":7,"column":24},"end":{"line":7,"column":73}}},"1":{"name":"(anonymous_3)","decl":{"start":{"line":9,"column":11},"end":{"line":9,"column":12}},"loc":{"start":{"line":9,"column":23},"end":{"line":9,"column":47}}},"2":{"name":"(anonymous_4)","decl":{"start":{"line":16,"column":38},"end":{"line":16,"column":39}},"loc":{"start":{"line":21,"column":5},"end":{"line":28,"column":2}}}},"branchMap":{"0":{"loc":{"start":{"line":7,"column":24},"end":{"line":7,"column":73}},"type":"cond-expr","locations":[{"start":{"line":7,"column":38},"end":{"line":7,"column":55}},{"start":{"line":7,"column":58},"end":{"line":7,"column":73}}]},"1":{"loc":{"start":{"line":9,"column":23},"end":{"line":9,"column":47}},"type":"cond-expr","locations":[{"start":{"line":9,"column":37},"end":{"line":9,"column":39}},{"start":{"line":9,"column":42},"end":{"line":9,"column":47}}]}},"s":{"0":1,"1":1,"2":1,"3":2,"4":2,"5":1,"6":2,"7":2,"8":2,"9":1},"f":{"0":2,"1":2,"2":2},"b":{"0":[1,1],"1":[1,1]}}
}
