{"/Users/michaelliriano/Desktop/Code/Nebula Software Soltuions/ravyn/src/components/Button/index.tsx": {"path":"/Users/michaelliriano/Desktop/Code/Nebula Software Soltuions/ravyn/src/components/Button/index.tsx","statementMap":{"0":{"start":{"line":1,"column":0},"end":{"line":1,"column":34}},"1":{"start":{"line":2,"column":0},"end":{"line":2,"column":39}},"2":{"start":{"line":6,"column":21},"end":{"line":36,"column":2}},"3":{"start":{"line":16,"column":4},"end":{"line":20,"column":24}},"4":{"start":{"line":21,"column":23},"end":{"line":21,"column":60}},"5":{"start":{"line":22,"column":34},"end":{"line":22,"column":71}},"6":{"start":{"line":23,"column":25},"end":{"line":23,"column":49}},"7":{"start":{"line":25,"column":36},"end":{"line":25,"column":73}},"8":{"start":{"line":30,"column":6},"end":{"line":34,"column":26}},"9":{"start":{"line":38,"column":32},"end":{"line":56,"column":2}},"10":{"start":{"line":43,"column":9},"end":{"line":43,"column":null}},"11":{"start":{"line":44,"column":10},"end":{"line":45,"column":3}},"12":{"start":{"line":45,"column":6},"end":{"line":56,"column":2}},"13":{"start":{"line":58,"column":0},"end":{"line":58,"column":22}}},"fnMap":{"0":{"name":"(anonymous_2)","decl":{"start":{"line":15,"column":13},"end":{"line":15,"column":14}},"loc":{"start":{"line":16,"column":4},"end":{"line":20,"column":24}}},"1":{"name":"(anonymous_3)","decl":{"start":{"line":21,"column":11},"end":{"line":21,"column":12}},"loc":{"start":{"line":21,"column":23},"end":{"line":21,"column":60}}},"2":{"name":"(anonymous_4)","decl":{"start":{"line":22,"column":22},"end":{"line":22,"column":23}},"loc":{"start":{"line":22,"column":34},"end":{"line":22,"column":71}}},"3":{"name":"(anonymous_5)","decl":{"start":{"line":23,"column":13},"end":{"line":23,"column":14}},"loc":{"start":{"line":23,"column":25},"end":{"line":23,"column":49}}},"4":{"name":"(anonymous_6)","decl":{"start":{"line":25,"column":24},"end":{"line":25,"column":25}},"loc":{"start":{"line":25,"column":36},"end":{"line":25,"column":73}}},"5":{"name":"(anonymous_7)","decl":{"start":{"line":29,"column":15},"end":{"line":29,"column":16}},"loc":{"start":{"line":30,"column":6},"end":{"line":34,"column":26}}},"6":{"name":"(anonymous_8)","decl":{"start":{"line":38,"column":32},"end":{"line":38,"column":33}},"loc":{"start":{"line":45,"column":5},"end":{"line":56,"column":2}}}},"branchMap":{"0":{"loc":{"start":{"line":16,"column":4},"end":{"line":20,"column":24}},"type":"cond-expr","locations":[{"start":{"line":17,"column":8},"end":{"line":17,"column":22}},{"start":{"line":18,"column":8},"end":{"line":20,"column":24}}]},"1":{"loc":{"start":{"line":18,"column":8},"end":{"line":20,"column":24}},"type":"cond-expr","locations":[{"start":{"line":19,"column":8},"end":{"line":19,"column":23}},{"start":{"line":20,"column":8},"end":{"line":20,"column":24}}]},"2":{"loc":{"start":{"line":21,"column":23},"end":{"line":21,"column":60}},"type":"cond-expr","locations":[{"start":{"line":21,"column":39},"end":{"line":21,"column":48}},{"start":{"line":21,"column":51},"end":{"line":21,"column":60}}]},"3":{"loc":{"start":{"line":22,"column":34},"end":{"line":22,"column":71}},"type":"cond-expr","locations":[{"start":{"line":22,"column":50},"end":{"line":22,"column":59}},{"start":{"line":22,"column":62},"end":{"line":22,"column":71}}]},"4":{"loc":{"start":{"line":23,"column":25},"end":{"line":23,"column":49}},"type":"cond-expr","locations":[{"start":{"line":23,"column":42},"end":{"line":23,"column":45}},{"start":{"line":23,"column":48},"end":{"line":23,"column":49}}]},"5":{"loc":{"start":{"line":25,"column":36},"end":{"line":25,"column":73}},"type":"cond-expr","locations":[{"start":{"line":25,"column":52},"end":{"line":25,"column":61}},{"start":{"line":25,"column":64},"end":{"line":25,"column":73}}]},"6":{"loc":{"start":{"line":30,"column":6},"end":{"line":34,"column":26}},"type":"cond-expr","locations":[{"start":{"line":31,"column":10},"end":{"line":31,"column":24}},{"start":{"line":32,"column":10},"end":{"line":34,"column":26}}]},"7":{"loc":{"start":{"line":32,"column":10},"end":{"line":34,"column":26}},"type":"cond-expr","locations":[{"start":{"line":33,"column":10},"end":{"line":33,"column":24}},{"start":{"line":34,"column":10},"end":{"line":34,"column":26}}]}},"s":{"0":1,"1":1,"2":1,"3":8,"4":8,"5":8,"6":8,"7":8,"8":8,"9":1,"10":8,"11":8,"12":8,"13":1},"f":{"0":8,"1":8,"2":8,"3":8,"4":8,"5":8,"6":8},"b":{"0":[3,5],"1":[1,4],"2":[1,7],"3":[1,7],"4":[3,5],"5":[1,7],"6":[3,5],"7":[1,4]}}
}
