TN:
SF:src/components/Button/index.tsx
FN:7,(anonymous_2)
FN:14,(anonymous_3)
FN:20,(anonymous_4)
FN:21,(anonymous_5)
FN:22,(anonymous_6)
FN:24,(anonymous_7)
FN:25,(anonymous_8)
FN:29,(anonymous_9)
FN:38,(anonymous_10)
FNF:9
FNH:9
FNDA:4,(anonymous_2)
FNDA:4,(anonymous_3)
FNDA:4,(anonymous_4)
FNDA:4,(anonymous_5)
FNDA:4,(anonymous_6)
FNDA:4,(anonymous_7)
FNDA:4,(anonymous_8)
FNDA:4,(anonymous_9)
FNDA:4,(anonymous_10)
DA:1,1
DA:2,1
DA:6,1
DA:7,4
DA:15,4
DA:20,4
DA:21,4
DA:22,4
DA:24,4
DA:25,4
DA:30,4
DA:38,1
DA:43,4
DA:44,4
DA:45,4
DA:58,1
LF:16
LH:16
BRDA:7,0,0,1
BRDA:7,0,1,3
BRDA:15,1,0,1
BRDA:15,1,1,3
BRDA:17,2,0,1
BRDA:17,2,1,2
BRDA:20,3,0,1
BRDA:20,3,1,3
BRDA:21,4,0,1
BRDA:21,4,1,3
BRDA:22,5,0,2
BRDA:22,5,1,2
BRDA:24,6,0,1
BRDA:24,6,1,3
BRDA:25,7,0,1
BRDA:25,7,1,3
BRDA:30,8,0,1
BRDA:30,8,1,3
BRDA:32,9,0,1
BRDA:32,9,1,2
BRF:20
BRH:20
end_of_record
TN:
SF:src/components/Dropdown/index.tsx
FN:8,(anonymous_2)
FN:24,(anonymous_3)
FNF:2
FNH:2
FNDA:1,(anonymous_2)
FNDA:1,(anonymous_3)
DA:1,1
DA:2,1
DA:6,1
DA:8,1
DA:12,1
DA:13,1
DA:14,1
DA:25,1
DA:33,1
LF:9
LH:9
BRF:0
BRH:0
end_of_record
TN:
SF:src/components/Modal/index.tsx
FN:20,(anonymous_2)
FNF:1
FNH:1
FNDA:1,(anonymous_2)
DA:1,1
DA:2,1
DA:6,1
DA:20,1
DA:42,1
LF:5
LH:5
BRF:0
BRH:0
end_of_record
TN:
SF:src/components/TextInput/index.tsx
FN:7,(anonymous_2)
FN:9,(anonymous_3)
FN:16,(anonymous_4)
FNF:3
FNH:3
FNDA:2,(anonymous_2)
FNDA:2,(anonymous_3)
FNDA:2,(anonymous_4)
DA:1,1
DA:2,1
DA:6,1
DA:7,2
DA:9,2
DA:16,1
DA:19,2
DA:20,2
DA:21,2
DA:30,1
LF:10
LH:10
BRDA:7,0,0,1
BRDA:7,0,1,1
BRDA:9,1,0,1
BRDA:9,1,1,1
BRF:4
BRH:4
end_of_record
