TN:
SF:src/components/Button/index.tsx
FN:15,(anonymous_2)
FN:21,(anonymous_3)
FN:22,(anonymous_4)
FN:23,(anonymous_5)
FN:25,(anonymous_6)
FN:29,(anonymous_7)
FN:38,(anonymous_8)
FNF:7
FNH:7
FNDA:8,(anonymous_2)
FNDA:8,(anonymous_3)
FNDA:8,(anonymous_4)
FNDA:8,(anonymous_5)
FNDA:8,(anonymous_6)
FNDA:8,(anonymous_7)
FNDA:8,(anonymous_8)
DA:1,1
DA:2,1
DA:6,1
DA:16,8
DA:21,8
DA:22,8
DA:23,8
DA:25,8
DA:30,8
DA:38,1
DA:43,8
DA:44,8
DA:45,8
DA:58,1
LF:14
LH:14
BRDA:16,0,0,3
BRDA:16,0,1,5
BRDA:18,1,0,1
BRDA:18,1,1,4
BRDA:21,2,0,1
BRDA:21,2,1,7
BRDA:22,3,0,1
BRDA:22,3,1,7
BRDA:23,4,0,3
BRDA:23,4,1,5
BRDA:25,5,0,1
BRDA:25,5,1,7
BRDA:30,6,0,3
BRDA:30,6,1,5
BRDA:32,7,0,1
BRDA:32,7,1,4
BRF:16
BRH:16
end_of_record
